[2026-06-29T10:09:05.345Z] [INFO] Starting DetectorApplication using Java 21.0.11 with PID 35972 (C:\Users\Usuario\OneDrive\Escritorio\SEPTIMO SEMESTRE\APLICACIONES DISTRIBUIDAS\Proyecto-asistencia\proyecto-backEnd\target\classes started by Usuario in C:\Users\Usuario\OneDrive\Escritorio\SEPTIMO SEMESTRE\APLICACIONES DISTRIBUIDAS\Proyecto-asistencia\proyecto-backEnd)
[2026-06-29T10:09:05.370Z] [INFO] No active profile set, falling back to 1 default profile: "default"
[2026-06-29T10:09:08.025Z] [INFO] Bootstrapping Spring Data JPA repositories in DEFAULT mode.
[2026-06-29T10:09:08.865Z] [INFO] Finished Spring Data repository scanning in 771 ms. Found 5 JPA repository interfaces.
[2026-06-29T10:09:12.074Z] [INFO] Tomcat initialized with port 8080 (http)
[2026-06-29T10:09:12.112Z] [INFO] Initializing ProtocolHandler ["http-nio-8080"]
[2026-06-29T10:09:12.117Z] [INFO] Starting service [Tomcat]
[2026-06-29T10:09:12.118Z] [INFO] Starting Servlet engine: [Apache Tomcat/11.0.21]
[2026-06-29T10:09:12.417Z] [INFO] Root WebApplicationContext: initialization completed in 6920 ms
[2026-06-29T10:09:13.021Z] [INFO] HHH008540: Processing PersistenceUnitInfo [name: default]
[2026-06-29T10:09:13.220Z] [INFO] HHH000001: Hibernate ORM core version 7.2.12.Final
[2026-06-29T10:09:14.896Z] [INFO] No LoadTimeWeaver setup: ignoring JPA class transformer
[2026-06-29T10:09:15.000Z] [INFO] HikariPool-1 - Starting...
[2026-06-29T10:09:21.910Z] [INFO] HikariPool-1 - Added connection org.postgresql.jdbc.PgConnection@4780341
[2026-06-29T10:09:21.913Z] [INFO] HikariPool-1 - Start completed.
[2026-06-29T10:09:22.200Z] [WARN] HHH90000025: PostgreSQLDialect does not need to be specified explicitly using 'hibernate.dialect' (remove the property setting and it will be selected by default)
[2026-06-29T10:09:22.757Z] [INFO] HHH10001005: Database info:
	Database JDBC URL [jdbc:postgresql://ep-noisy-pine-apct0js4.c-7.us-east-1.aws.neon.tech:5432/neondb?sslmode=require]
	Database driver: PostgreSQL JDBC Driver
	Database dialect: PostgreSQLDialect
	Database version: 17.10
	Default catalog/schema: neondb/public
	Autocommit mode: undefined/unknown
	Isolation level: READ_COMMITTED [default READ_COMMITTED]
	JDBC fetch size: none
	Pool: DataSourceConnectionProvider
	Minimum pool size: undefined/unknown
	Maximum pool size: undefined/unknown
[2026-06-29T10:09:28.017Z] [INFO] HHH000489: No JTA platform available (set 'hibernate.transaction.jta.platform' to enable JTA platform integration)
[2026-06-29T10:09:29.465Z] [INFO] Initialized JPA EntityManagerFactory for persistence unit 'default'
[2026-06-29T10:09:29.707Z] [INFO] Hibernate is in classpath; If applicable, HQL parser will be used.
[2026-06-29T10:09:30.911Z] [WARN] spring.jpa.open-in-view is enabled by default. Therefore, database queries may be performed during view rendering. Explicitly configure spring.jpa.open-in-view to disable this warning
[2026-06-29T10:09:31.738Z] [INFO] Starting...
[2026-06-29T10:09:31.741Z] [INFO] BrokerAvailabilityEvent[available=true, SimpleBrokerMessageHandler [org.springframework.messaging.simp.broker.DefaultSubscriptionRegistry@5fc3dfc1]]
[2026-06-29T10:09:31.742Z] [INFO] Started.
[2026-06-29T10:09:31.743Z] [INFO] Starting ProtocolHandler ["http-nio-8080"]
[2026-06-29T10:09:31.785Z] [INFO] Tomcat started on port 8080 (http) with context path '/'
[2026-06-29T10:09:31.798Z] [INFO] Started DetectorApplication in 27.947 seconds (process running for 29.958)
[2026-06-29T10:10:31.740Z] [INFO] WebSocketSession[0 current WS(0)-HttpStream(0)-HttpPoll(0), 0 total, 0 closed abnormally (0 connect failure, 0 send limit, 0 transport error)], stompSubProtocol[processed CONNECT(0)-CONNECTED(0)-DISCONNECT(0)], stompBrokerRelay[null], inboundChannel[pool size = 0, active threads = 0, queued tasks = 0, completed tasks = 0], outboundChannel[pool size = 0, active threads = 0, queued tasks = 0, completed tasks = 0], sockJsScheduler[pool size = 1, active threads = 1, queued tasks = 0, completed tasks = 0]
[2026-06-29T10:10:53.020Z] [INFO] Initializing Spring DispatcherServlet 'dispatcherServlet'
[2026-06-29T10:10:53.021Z] [INFO] Initializing Servlet 'dispatcherServlet'
[2026-06-29T10:10:53.024Z] [INFO] Completed initialization in 3 ms
[2026-06-29T10:13:28.921Z] [INFO] A cookie header was received [g_state={"i_l":0,"i_ll":1782745842679,"i_e":{"enable_itp_optimization":24},"i_et":1782745842679}] that contained an invalid cookie. That cookie will be ignored.
 Note: further occurrences of this error will be logged at DEBUG level.
[2026-06-29T10:15:04.844Z] [WARN] HikariPool-1 - Failed to validate connection org.postgresql.jdbc.PgConnection@4780341 (This connection has been closed.). Possibly consider using a shorter maxLifetime value.
[2026-06-29T10:15:05.923Z] [WARN] HikariPool-1 - Failed to validate connection org.postgresql.jdbc.PgConnection@573302fa (This connection has been closed.). Possibly consider using a shorter maxLifetime value.
[2026-06-29T10:15:14.857Z] [WARN] HikariPool-1 - Failed to validate connection org.postgresql.jdbc.PgConnection@25f24001 (This connection has been closed.). Possibly consider using a shorter maxLifetime value.
[2026-06-29T10:15:15.650Z] [WARN] HikariPool-1 - Failed to validate connection org.postgresql.jdbc.PgConnection@530c9cc4 (This connection has been closed.). Possibly consider using a shorter maxLifetime value.
[2026-06-29T10:40:31.756Z] [INFO] WebSocketSession[1 current WS(1)-HttpStream(0)-HttpPoll(0), 2 total, 0 closed abnormally (0 connect failure, 0 send limit, 1 transport error)], stompSubProtocol[processed CONNECT(0)-CONNECTED(0)-DISCONNECT(0)], stompBrokerRelay[null], inboundChannel[pool size = 0, active threads = 0, queued tasks = 0, completed tasks = 3], outboundChannel[pool size = 0, active threads = 0, queued tasks = 0, completed tasks = 1], sockJsScheduler[pool size = 2, active threads = 1, queued tasks = 0, completed tasks = 1]
[2026-06-29T10:43:17.048Z] [INFO] Commencing graceful shutdown. Waiting for active requests to complete
[2026-06-29T10:43:17.075Z] [INFO] Graceful shutdown complete
[2026-06-29T10:43:17.082Z] [INFO] Stopping...
[2026-06-29T10:43:17.082Z] [INFO] BrokerAvailabilityEvent[available=false, SimpleBrokerMessageHandler [org.springframework.messaging.simp.broker.DefaultSubscriptionRegistry@5fc3dfc1]]
[2026-06-29T10:43:17.083Z] [INFO] Stopped.
[2026-06-29T10:43:17.087Z] [INFO] Closing JPA EntityManagerFactory for persistence unit 'default'
[2026-06-29T10:43:17.098Z] [INFO] HikariPool-1 - Shutdown initiated...
[2026-06-29T10:43:18.777Z] [INFO] HikariPool-1 - Shutdown completed.
